<?xml version="1.0" encoding="UTF-8"?>
<!-- Generated by org.testng.reporters.JUnitReportReporter -->
<testsuite hostname="LTIN203025" failures="0" tests="6" name="testCases.TC002_LanguageLearning" time="41.252" errors="0" timestamp="2024-02-28T17:53:32 IST" skipped="0">
  <testcase classname="testCases.TC002_LanguageLearning" name="showMoreVerification" time="2.662"/>
  <system-out/>
  <testcase classname="testCases.TC002_LanguageLearning" name="languageVerification" time="6.731"/>
  <system-out/>
  <testcase classname="testCases.TC002_LanguageLearning" name="closeVerification" time="0.336"/>
  <system-out/>
  <testcase classname="testCases.TC002_LanguageLearning" name="levelCountVerification" time="0.688"/>
  <system-out/>
  <testcase classname="testCases.TC002_LanguageLearning" name="courseraClickVerification" time="10.907"/>
  <system-out/>
  <testcase classname="testCases.TC002_LanguageLearning" name="forEnterpriseVerification" time="19.928"/>
  <system-out/>
</testsuite> <!-- testCases.TC002_LanguageLearning -->
