<?xml version="1.0" encoding="UTF-8"?>
<!-- Generated by org.testng.reporters.JUnitReportReporter -->
<testsuite hostname="LTIN203025" failures="0" tests="5" name="testCases.TC001_HomePage" time="70.368" errors="0" timestamp="2024-02-28T17:53:33 IST" skipped="0">
  <testcase classname="testCases.TC001_HomePage" name="courseraHomePageVerification" time="20.736"/>
  <system-out/>
  <testcase classname="testCases.TC001_HomePage" name="webDevelopmentPageVerification" time="2.167"/>
  <system-out/>
  <testcase classname="testCases.TC001_HomePage" name="scrollingUpVerification" time="0.360"/>
  <system-out/>
  <testcase classname="testCases.TC001_HomePage" name="coursesVerification" time="42.690"/>
  <system-out/>
  <testcase classname="testCases.TC001_HomePage" name="searchBox2Verification" time="4.415"/>
  <system-out/>
</testsuite> <!-- testCases.TC001_HomePage -->
