<?xml version="1.0" encoding="UTF-8"?>
<!-- Generated by org.testng.reporters.JUnitReportReporter -->
<testsuite hostname="LTIN203025" failures="0" tests="1" name="testCases.Tc_001_CourseraHomePage" time="117.130" errors="0" timestamp="2024-02-23T10:28:38 IST" skipped="0">
  <testcase classname="testCases.Tc_001_CourseraHomePage" name="courseraHomePageVerification" time="117.130"/>
  <system-out/>
</testsuite> <!-- testCases.Tc_001_CourseraHomePage -->
