<?xml version="1.0" encoding="UTF-8"?>
<!-- Generated by org.testng.reporters.JUnitReportReporter -->
<testsuite hostname="LTIN203025" failures="0" tests="14" name="testCases.TC003_FormPage" time="41.696" errors="0" timestamp="2024-02-28T17:53:33 IST" skipped="0">
  <testcase classname="testCases.TC003_FormPage" name="FormValidation" time="1.203"/>
  <system-out/>
  <testcase classname="testCases.TC003_FormPage" name="clickingProductVerification" time="6.944"/>
  <system-out/>
  <testcase classname="testCases.TC003_FormPage" name="learnMoreVerification" time="17.460"/>
  <system-out/>
  <testcase classname="testCases.TC003_FormPage" name="nameVerification" time="3.259"/>
  <system-out/>
  <testcase classname="testCases.TC003_FormPage" name="emailVerification" time="1.014"/>
  <system-out/>
  <testcase classname="testCases.TC003_FormPage" name="phnoVerification" time="1.217"/>
  <system-out/>
  <testcase classname="testCases.TC003_FormPage" name="institutionVerification" time="1.604"/>
  <system-out/>
  <testcase classname="testCases.TC003_FormPage" name="jobRoleVerification" time="0.649"/>
  <system-out/>
  <testcase classname="testCases.TC003_FormPage" name="deptVerification" time="0.575"/>
  <system-out/>
  <testcase classname="testCases.TC003_FormPage" name="bDescVerification" time="0.924"/>
  <system-out/>
  <testcase classname="testCases.TC003_FormPage" name="ctryVerification" time="0.870"/>
  <system-out/>
  <testcase classname="testCases.TC003_FormPage" name="stateVerification" time="2.387"/>
  <system-out/>
  <testcase classname="testCases.TC003_FormPage" name="subButtonVerification" time="1.156"/>
  <system-out/>
  <testcase classname="testCases.TC003_FormPage" name="capturingErrorMessage" time="2.434"/>
  <system-out/>
</testsuite> <!-- testCases.TC003_FormPage -->
