<?xml version="1.0" encoding="UTF-8"?>
<!-- Generated by org.testng.reporters.JUnitReportReporter -->
<testsuite hostname="LTIN203025" failures="0" tests="5" name="testCases.TC001_HomePage" time="77.460" errors="0" timestamp="2024-02-28T11:16:55 IST" skipped="0">
  <testcase classname="testCases.TC001_HomePage" name="courseraHomePageVerification" time="41.476"/>
  <testcase classname="testCases.TC001_HomePage" name="webDevelopmentPageVerification" time="1.942"/>
  <testcase classname="testCases.TC001_HomePage" name="scrollingUpVerification" time="0.234"/>
  <testcase classname="testCases.TC001_HomePage" name="coursesVerification" time="29.633"/>
  <testcase classname="testCases.TC001_HomePage" name="searchBox2Verification" time="4.175"/>
</testsuite> <!-- testCases.TC001_HomePage -->
