<?xml version="1.0" encoding="UTF-8"?>
<!-- Generated by org.testng.reporters.JUnitReportReporter -->
<testsuite hostname="LTIN203025" failures="0" tests="13" name="testCases.TC003_FormPage" time="44.977" errors="0" timestamp="2024-02-28T11:16:55 IST" skipped="0">
  <testcase classname="testCases.TC003_FormPage" name="FormValidation" time="1.802"/>
  <testcase classname="testCases.TC003_FormPage" name="clickingProductVerification" time="16.223"/>
  <testcase classname="testCases.TC003_FormPage" name="learnMoreVerification" time="19.750"/>
  <testcase classname="testCases.TC003_FormPage" name="nameVerification" time="1.641"/>
  <testcase classname="testCases.TC003_FormPage" name="emailVerification" time="0.713"/>
  <testcase classname="testCases.TC003_FormPage" name="phnoVerification" time="0.569"/>
  <testcase classname="testCases.TC003_FormPage" name="institutionVerification" time="1.375"/>
  <testcase classname="testCases.TC003_FormPage" name="jobRoleVerification" time="0.521"/>
  <testcase classname="testCases.TC003_FormPage" name="deptVerification" time="0.507"/>
  <testcase classname="testCases.TC003_FormPage" name="bDescVerification" time="0.574"/>
  <testcase classname="testCases.TC003_FormPage" name="ctryVerification" time="0.532"/>
  <testcase classname="testCases.TC003_FormPage" name="stateVerification" time="0.493"/>
  <testcase classname="testCases.TC003_FormPage" name="subButtonVerification" time="0.277"/>
</testsuite> <!-- testCases.TC003_FormPage -->
