<?xml version="1.0" encoding="UTF-8"?>
<!-- Generated by org.testng.reporters.JUnitReportReporter -->
<testsuite hostname="LTIN203025" failures="0" tests="6" name="testCases.TC002_LanguageLearning" time="50.944" errors="0" timestamp="2024-02-28T11:16:55 IST" skipped="0">
  <testcase classname="testCases.TC002_LanguageLearning" name="showMoreVerification" time="0.692"/>
  <testcase classname="testCases.TC002_LanguageLearning" name="languageVerification" time="5.519"/>
  <testcase classname="testCases.TC002_LanguageLearning" name="closeVerification" time="0.200"/>
  <testcase classname="testCases.TC002_LanguageLearning" name="levelCountVerification" time="0.820"/>
  <testcase classname="testCases.TC002_LanguageLearning" name="courseraClickVerification" time="17.259"/>
  <testcase classname="testCases.TC002_LanguageLearning" name="forEnterpriseVerification" time="26.454"/>
</testsuite> <!-- testCases.TC002_LanguageLearning -->
